mode: set
github.com/BattlesnakeOfficial/starter-snake-go/logic.go:15.57,18.33 2 1
github.com/BattlesnakeOfficial/starter-snake-go/logic.go:29.2,30.37 2 1
github.com/BattlesnakeOfficial/starter-snake-go/logic.go:39.2,39.20 1 1
github.com/BattlesnakeOfficial/starter-snake-go/logic.go:18.33,26.3 7 1
github.com/BattlesnakeOfficial/starter-snake-go/logic.go:30.37,31.62 1 1
github.com/BattlesnakeOfficial/starter-snake-go/logic.go:31.62,33.4 1 1
github.com/BattlesnakeOfficial/starter-snake-go/logic.go:47.37,56.2 2 0
github.com/BattlesnakeOfficial/starter-snake-go/logic.go:61.29,63.2 1 0
github.com/BattlesnakeOfficial/starter-snake-go/logic.go:67.27,69.2 1 0
github.com/BattlesnakeOfficial/starter-snake-go/logic.go:74.52,99.25 6 1
github.com/BattlesnakeOfficial/starter-snake-go/logic.go:111.2,114.19 3 1
github.com/BattlesnakeOfficial/starter-snake-go/logic.go:117.2,117.30 1 1
github.com/BattlesnakeOfficial/starter-snake-go/logic.go:120.2,120.19 1 1
github.com/BattlesnakeOfficial/starter-snake-go/logic.go:123.2,123.31 1 1
github.com/BattlesnakeOfficial/starter-snake-go/logic.go:129.2,131.35 2 1
github.com/BattlesnakeOfficial/starter-snake-go/logic.go:148.2,150.35 2 1
github.com/BattlesnakeOfficial/starter-snake-go/logic.go:168.2,168.31 1 1
github.com/BattlesnakeOfficial/starter-snake-go/logic.go:187.2,188.22 2 1
github.com/BattlesnakeOfficial/starter-snake-go/logic.go:206.2,209.45 3 1
github.com/BattlesnakeOfficial/starter-snake-go/logic.go:215.2,216.48 2 1
github.com/BattlesnakeOfficial/starter-snake-go/logic.go:224.2,225.42 2 1
github.com/BattlesnakeOfficial/starter-snake-go/logic.go:232.2,233.39 2 1
github.com/BattlesnakeOfficial/starter-snake-go/logic.go:244.2,250.38 4 1
github.com/BattlesnakeOfficial/starter-snake-go/logic.go:260.2,260.25 1 1
github.com/BattlesnakeOfficial/starter-snake-go/logic.go:273.2,275.3 1 1
github.com/BattlesnakeOfficial/starter-snake-go/logic.go:99.25,101.3 1 1
github.com/BattlesnakeOfficial/starter-snake-go/logic.go:101.8,101.32 1 1
github.com/BattlesnakeOfficial/starter-snake-go/logic.go:101.32,103.3 1 0
github.com/BattlesnakeOfficial/starter-snake-go/logic.go:103.8,103.32 1 1
github.com/BattlesnakeOfficial/starter-snake-go/logic.go:103.32,105.3 1 1
github.com/BattlesnakeOfficial/starter-snake-go/logic.go:105.8,105.32 1 1
github.com/BattlesnakeOfficial/starter-snake-go/logic.go:105.32,107.3 1 1
github.com/BattlesnakeOfficial/starter-snake-go/logic.go:114.19,116.3 1 1
github.com/BattlesnakeOfficial/starter-snake-go/logic.go:117.30,119.3 1 1
github.com/BattlesnakeOfficial/starter-snake-go/logic.go:120.19,122.3 1 1
github.com/BattlesnakeOfficial/starter-snake-go/logic.go:123.31,125.3 1 1
github.com/BattlesnakeOfficial/starter-snake-go/logic.go:131.35,132.59 1 1
github.com/BattlesnakeOfficial/starter-snake-go/logic.go:135.3,135.59 1 1
github.com/BattlesnakeOfficial/starter-snake-go/logic.go:138.3,138.59 1 1
github.com/BattlesnakeOfficial/starter-snake-go/logic.go:141.3,141.59 1 1
github.com/BattlesnakeOfficial/starter-snake-go/logic.go:132.59,134.4 1 1
github.com/BattlesnakeOfficial/starter-snake-go/logic.go:135.59,137.4 1 1
github.com/BattlesnakeOfficial/starter-snake-go/logic.go:138.59,140.4 1 1
github.com/BattlesnakeOfficial/starter-snake-go/logic.go:141.59,143.4 1 1
github.com/BattlesnakeOfficial/starter-snake-go/logic.go:150.35,151.46 1 1
github.com/BattlesnakeOfficial/starter-snake-go/logic.go:151.46,152.80 1 1
github.com/BattlesnakeOfficial/starter-snake-go/logic.go:155.4,155.80 1 1
github.com/BattlesnakeOfficial/starter-snake-go/logic.go:158.4,158.80 1 1
github.com/BattlesnakeOfficial/starter-snake-go/logic.go:161.4,161.80 1 1
github.com/BattlesnakeOfficial/starter-snake-go/logic.go:152.80,154.5 1 1
github.com/BattlesnakeOfficial/starter-snake-go/logic.go:155.80,157.5 1 1
github.com/BattlesnakeOfficial/starter-snake-go/logic.go:158.80,160.5 1 1
github.com/BattlesnakeOfficial/starter-snake-go/logic.go:161.80,163.5 1 1
github.com/BattlesnakeOfficial/starter-snake-go/logic.go:168.31,171.31 2 1
github.com/BattlesnakeOfficial/starter-snake-go/logic.go:174.3,174.31 1 1
github.com/BattlesnakeOfficial/starter-snake-go/logic.go:177.3,177.31 1 1
github.com/BattlesnakeOfficial/starter-snake-go/logic.go:180.3,180.31 1 1
github.com/BattlesnakeOfficial/starter-snake-go/logic.go:171.31,173.4 1 1
github.com/BattlesnakeOfficial/starter-snake-go/logic.go:174.31,176.4 1 1
github.com/BattlesnakeOfficial/starter-snake-go/logic.go:177.31,179.4 1 1
github.com/BattlesnakeOfficial/starter-snake-go/logic.go:180.31,182.4 1 1
github.com/BattlesnakeOfficial/starter-snake-go/logic.go:188.22,189.37 1 1
github.com/BattlesnakeOfficial/starter-snake-go/logic.go:189.37,190.66 1 1
github.com/BattlesnakeOfficial/starter-snake-go/logic.go:193.4,193.66 1 1
github.com/BattlesnakeOfficial/starter-snake-go/logic.go:196.4,196.66 1 1
github.com/BattlesnakeOfficial/starter-snake-go/logic.go:199.4,199.66 1 1
github.com/BattlesnakeOfficial/starter-snake-go/logic.go:190.66,192.5 1 1
github.com/BattlesnakeOfficial/starter-snake-go/logic.go:193.66,195.5 1 0
github.com/BattlesnakeOfficial/starter-snake-go/logic.go:196.66,198.5 1 0
github.com/BattlesnakeOfficial/starter-snake-go/logic.go:199.66,201.5 1 1
github.com/BattlesnakeOfficial/starter-snake-go/logic.go:209.45,210.18 1 1
github.com/BattlesnakeOfficial/starter-snake-go/logic.go:210.18,212.4 1 1
github.com/BattlesnakeOfficial/starter-snake-go/logic.go:216.48,217.18 1 1
github.com/BattlesnakeOfficial/starter-snake-go/logic.go:217.18,219.4 1 1
github.com/BattlesnakeOfficial/starter-snake-go/logic.go:225.42,226.13 1 1
github.com/BattlesnakeOfficial/starter-snake-go/logic.go:226.13,228.4 1 1
github.com/BattlesnakeOfficial/starter-snake-go/logic.go:233.39,234.41 1 1
github.com/BattlesnakeOfficial/starter-snake-go/logic.go:234.41,235.40 1 1
github.com/BattlesnakeOfficial/starter-snake-go/logic.go:235.40,236.39 1 1
github.com/BattlesnakeOfficial/starter-snake-go/logic.go:236.39,239.6 1 1
github.com/BattlesnakeOfficial/starter-snake-go/logic.go:250.38,251.39 1 1
github.com/BattlesnakeOfficial/starter-snake-go/logic.go:251.39,252.36 1 1
github.com/BattlesnakeOfficial/starter-snake-go/logic.go:252.36,254.5 1 1
github.com/BattlesnakeOfficial/starter-snake-go/logic.go:260.25,263.3 2 0
github.com/BattlesnakeOfficial/starter-snake-go/logic.go:263.8,264.35 1 1
github.com/BattlesnakeOfficial/starter-snake-go/logic.go:271.3,271.70 1 1
github.com/BattlesnakeOfficial/starter-snake-go/logic.go:264.35,267.4 1 1
github.com/BattlesnakeOfficial/starter-snake-go/logic.go:267.9,270.4 1 1
github.com/BattlesnakeOfficial/starter-snake-go/main.go:106.58,111.16 4 0
github.com/BattlesnakeOfficial/starter-snake-go/main.go:111.16,113.3 1 0
github.com/BattlesnakeOfficial/starter-snake-go/main.go:116.58,119.16 3 0
github.com/BattlesnakeOfficial/starter-snake-go/main.go:124.2,124.14 1 0
github.com/BattlesnakeOfficial/starter-snake-go/main.go:119.16,122.3 2 0
github.com/BattlesnakeOfficial/starter-snake-go/main.go:129.57,132.16 3 0
github.com/BattlesnakeOfficial/starter-snake-go/main.go:137.2,141.16 4 0
github.com/BattlesnakeOfficial/starter-snake-go/main.go:132.16,135.3 2 0
github.com/BattlesnakeOfficial/starter-snake-go/main.go:141.16,144.3 2 0
github.com/BattlesnakeOfficial/starter-snake-go/main.go:147.56,150.16 3 0
github.com/BattlesnakeOfficial/starter-snake-go/main.go:155.2,155.12 1 0
github.com/BattlesnakeOfficial/starter-snake-go/main.go:150.16,153.3 2 0
github.com/BattlesnakeOfficial/starter-snake-go/main.go:162.13,164.20 2 0
github.com/BattlesnakeOfficial/starter-snake-go/main.go:168.2,174.47 6 0
github.com/BattlesnakeOfficial/starter-snake-go/main.go:164.20,166.3 1 0
