mode: set
github.com/BattlesnakeOfficial/starter-snake-go/logic.go:14.57,17.33 2 1
github.com/BattlesnakeOfficial/starter-snake-go/logic.go:28.2,29.37 2 1
github.com/BattlesnakeOfficial/starter-snake-go/logic.go:38.2,38.20 1 1
github.com/BattlesnakeOfficial/starter-snake-go/logic.go:17.33,25.3 7 1
github.com/BattlesnakeOfficial/starter-snake-go/logic.go:29.37,30.62 1 1
github.com/BattlesnakeOfficial/starter-snake-go/logic.go:30.62,32.4 1 1
github.com/BattlesnakeOfficial/starter-snake-go/logic.go:46.37,55.2 2 0
github.com/BattlesnakeOfficial/starter-snake-go/logic.go:60.29,62.2 1 0
github.com/BattlesnakeOfficial/starter-snake-go/logic.go:66.27,68.2 1 0
github.com/BattlesnakeOfficial/starter-snake-go/logic.go:73.52,91.25 5 1
github.com/BattlesnakeOfficial/starter-snake-go/logic.go:103.2,106.19 3 1
github.com/BattlesnakeOfficial/starter-snake-go/logic.go:109.2,109.30 1 1
github.com/BattlesnakeOfficial/starter-snake-go/logic.go:112.2,112.19 1 1
github.com/BattlesnakeOfficial/starter-snake-go/logic.go:115.2,115.31 1 1
github.com/BattlesnakeOfficial/starter-snake-go/logic.go:121.2,123.35 2 1
github.com/BattlesnakeOfficial/starter-snake-go/logic.go:140.2,142.35 2 1
github.com/BattlesnakeOfficial/starter-snake-go/logic.go:160.2,160.31 1 1
github.com/BattlesnakeOfficial/starter-snake-go/logic.go:179.2,182.48 3 1
github.com/BattlesnakeOfficial/starter-snake-go/logic.go:190.2,191.42 2 1
github.com/BattlesnakeOfficial/starter-snake-go/logic.go:199.2,200.38 2 1
github.com/BattlesnakeOfficial/starter-snake-go/logic.go:210.2,210.25 1 1
github.com/BattlesnakeOfficial/starter-snake-go/logic.go:223.2,225.3 1 1
github.com/BattlesnakeOfficial/starter-snake-go/logic.go:91.25,93.3 1 1
github.com/BattlesnakeOfficial/starter-snake-go/logic.go:93.8,93.32 1 1
github.com/BattlesnakeOfficial/starter-snake-go/logic.go:93.32,95.3 1 0
github.com/BattlesnakeOfficial/starter-snake-go/logic.go:95.8,95.32 1 1
github.com/BattlesnakeOfficial/starter-snake-go/logic.go:95.32,97.3 1 1
github.com/BattlesnakeOfficial/starter-snake-go/logic.go:97.8,97.32 1 1
github.com/BattlesnakeOfficial/starter-snake-go/logic.go:97.32,99.3 1 1
github.com/BattlesnakeOfficial/starter-snake-go/logic.go:106.19,108.3 1 1
github.com/BattlesnakeOfficial/starter-snake-go/logic.go:109.30,111.3 1 1
github.com/BattlesnakeOfficial/starter-snake-go/logic.go:112.19,114.3 1 1
github.com/BattlesnakeOfficial/starter-snake-go/logic.go:115.31,117.3 1 1
github.com/BattlesnakeOfficial/starter-snake-go/logic.go:123.35,124.59 1 1
github.com/BattlesnakeOfficial/starter-snake-go/logic.go:127.3,127.59 1 1
github.com/BattlesnakeOfficial/starter-snake-go/logic.go:130.3,130.59 1 1
github.com/BattlesnakeOfficial/starter-snake-go/logic.go:133.3,133.59 1 1
github.com/BattlesnakeOfficial/starter-snake-go/logic.go:124.59,126.4 1 1
github.com/BattlesnakeOfficial/starter-snake-go/logic.go:127.59,129.4 1 1
github.com/BattlesnakeOfficial/starter-snake-go/logic.go:130.59,132.4 1 1
github.com/BattlesnakeOfficial/starter-snake-go/logic.go:133.59,135.4 1 1
github.com/BattlesnakeOfficial/starter-snake-go/logic.go:142.35,143.46 1 1
github.com/BattlesnakeOfficial/starter-snake-go/logic.go:143.46,144.80 1 1
github.com/BattlesnakeOfficial/starter-snake-go/logic.go:147.4,147.80 1 1
github.com/BattlesnakeOfficial/starter-snake-go/logic.go:150.4,150.80 1 1
github.com/BattlesnakeOfficial/starter-snake-go/logic.go:153.4,153.80 1 1
github.com/BattlesnakeOfficial/starter-snake-go/logic.go:144.80,146.5 1 1
github.com/BattlesnakeOfficial/starter-snake-go/logic.go:147.80,149.5 1 1
github.com/BattlesnakeOfficial/starter-snake-go/logic.go:150.80,152.5 1 1
github.com/BattlesnakeOfficial/starter-snake-go/logic.go:153.80,155.5 1 1
github.com/BattlesnakeOfficial/starter-snake-go/logic.go:160.31,163.31 2 1
github.com/BattlesnakeOfficial/starter-snake-go/logic.go:166.3,166.31 1 1
github.com/BattlesnakeOfficial/starter-snake-go/logic.go:169.3,169.31 1 1
github.com/BattlesnakeOfficial/starter-snake-go/logic.go:172.3,172.31 1 1
github.com/BattlesnakeOfficial/starter-snake-go/logic.go:163.31,165.4 1 1
github.com/BattlesnakeOfficial/starter-snake-go/logic.go:166.31,168.4 1 1
github.com/BattlesnakeOfficial/starter-snake-go/logic.go:169.31,171.4 1 1
github.com/BattlesnakeOfficial/starter-snake-go/logic.go:172.31,174.4 1 1
github.com/BattlesnakeOfficial/starter-snake-go/logic.go:182.48,183.18 1 1
github.com/BattlesnakeOfficial/starter-snake-go/logic.go:183.18,185.4 1 1
github.com/BattlesnakeOfficial/starter-snake-go/logic.go:191.42,192.13 1 1
github.com/BattlesnakeOfficial/starter-snake-go/logic.go:192.13,194.4 1 1
github.com/BattlesnakeOfficial/starter-snake-go/logic.go:200.38,201.39 1 1
github.com/BattlesnakeOfficial/starter-snake-go/logic.go:201.39,202.36 1 1
github.com/BattlesnakeOfficial/starter-snake-go/logic.go:202.36,204.5 1 1
github.com/BattlesnakeOfficial/starter-snake-go/logic.go:210.25,213.3 2 0
github.com/BattlesnakeOfficial/starter-snake-go/logic.go:213.8,214.35 1 1
github.com/BattlesnakeOfficial/starter-snake-go/logic.go:221.3,221.70 1 1
github.com/BattlesnakeOfficial/starter-snake-go/logic.go:214.35,217.4 1 1
github.com/BattlesnakeOfficial/starter-snake-go/logic.go:217.9,220.4 1 1
github.com/BattlesnakeOfficial/starter-snake-go/main.go:106.58,111.16 4 0
github.com/BattlesnakeOfficial/starter-snake-go/main.go:111.16,113.3 1 0
github.com/BattlesnakeOfficial/starter-snake-go/main.go:116.58,119.16 3 0
github.com/BattlesnakeOfficial/starter-snake-go/main.go:124.2,124.14 1 0
github.com/BattlesnakeOfficial/starter-snake-go/main.go:119.16,122.3 2 0
github.com/BattlesnakeOfficial/starter-snake-go/main.go:129.57,132.16 3 0
github.com/BattlesnakeOfficial/starter-snake-go/main.go:137.2,141.16 4 0
github.com/BattlesnakeOfficial/starter-snake-go/main.go:132.16,135.3 2 0
github.com/BattlesnakeOfficial/starter-snake-go/main.go:141.16,144.3 2 0
github.com/BattlesnakeOfficial/starter-snake-go/main.go:147.56,150.16 3 0
github.com/BattlesnakeOfficial/starter-snake-go/main.go:155.2,155.12 1 0
github.com/BattlesnakeOfficial/starter-snake-go/main.go:150.16,153.3 2 0
github.com/BattlesnakeOfficial/starter-snake-go/main.go:162.13,164.20 2 0
github.com/BattlesnakeOfficial/starter-snake-go/main.go:168.2,174.47 6 0
github.com/BattlesnakeOfficial/starter-snake-go/main.go:164.20,166.3 1 0
